-- Total revenue by month
SELECT
YEAR(WideWorldImporters.Sales.CustomerTransactions.FinalizationDate) as 'Year'
,MONTH(WideWorldImporters.Sales.CustomerTransactions.FinalizationDate) AS 'Month'
,SUM(WideWorldImporters.Sales.CustomerTransactions.AmountExcludingTax) AS 'Revenue'

FROM WideWorldImporters.Sales.CustomerTransactions
GROUP BY YEAR(WideWorldImporters.Sales.CustomerTransactions.FinalizationDate)
,MONTH(WideWorldImporters.Sales.CustomerTransactions.FinalizationDate)

--*Results*

Year        Month       Revenue
----------- ----------- ---------------------------------------
2014        1           4071710.85
2014        7           4807740.50
2013        6           4245657.30
2015        5           4718673.50
2015        11          4016720.95
2014        4           4085995.55
2014        10          4296365.45
2013        3           3995924.30
2015        8           4000454.40
2016        1           4649480.05
2015        2           4191734.95
2013        12          3468811.50
NULL        NULL        232583.95
2014        5           4681408.75
2016        4           4699558.85
2015        3           4530291.95
2015        9           4539238.95
2013        9           3703980.30
2014        2           3519594.60
2013        1           3644848.35
2015        6           4384788.90
2015        12          4387639.60
2013        10          3766868.65
2014        11          4290230.60
2013        4           3896700.85
2016        2           3746196.30
2015        1           4451461.80
2015        7           5111993.90
2014        8           4203062.35
2016        5           4813313.60
2013        7           4266090.70
2015        4           4961730.20
2014        3           3864591.40
2014        9           3754023.90
2013        2           2776929.70
2013        8           3540170.40
2013        11          3788913.15
2014        6           4197922.80
2013        5           4404250.45
2014        12          4190135.85
2016        3           4693816.90
2015        10          4669734.20

(42 rows affected)


Completion time: 2026-03-24T20:44:57.9737752+02:00
